<?xml version="1.0" encoding="UTF-8"?>
<!-- Generated by org.testng.reporters.JUnitReportReporter -->
<testsuite skipped="0" hostname="Sanjay" name="testNG.SampleTestCase" tests="4" failures="0" timestamp="2020-07-19T19:59:52 IST" time="0.017" errors="0">
  <testcase name="fourthTestCase" time="0.002" classname="testNG.SampleTestCase"/>
  <system-out/>
  <testcase name="secondTestCase" time="0.001" classname="testNG.SampleTestCase"/>
  <system-out/>
  <testcase name="firstTestCase" time="0.011" classname="testNG.SampleTestCase"/>
  <system-out/>
  <testcase name="thirdTestCase" time="0.003" classname="testNG.SampleTestCase"/>
  <system-out/>
</testsuite> <!-- testNG.SampleTestCase -->
