<?xml version="1.0" encoding="UTF-8"?>
<!-- Generated by org.testng.reporters.JUnitReportReporter -->
<testsuite skipped="0" hostname="Sanjay" name="testNG.AssertionsExample" tests="1" failures="0" timestamp="2020-07-19T22:49:38 IST" time="0.016" errors="0">
  <testcase name="checkEqual" time="0.016" classname="testNG.AssertionsExample"/>
  <system-out/>
</testsuite> <!-- testNG.AssertionsExample -->
