<?xml version="1.0" encoding="UTF-8"?>
<!-- Generated by org.testng.reporters.JUnitReportReporter -->
<testsuite skipped="0" hostname="Sanjay" name="testNG.DataDriven" tests="4" failures="0" timestamp="2020-07-23T19:34:58 IST" time="95.713" errors="0">
  <testcase name="loginButton" time="25.318" classname="testNG.DataDriven"/>
  <system-out/>
  <testcase name="loginButton" time="33.254" classname="testNG.DataDriven"/>
  <system-out/>
  <testcase name="loginButton" time="17.186" classname="testNG.DataDriven"/>
  <system-out/>
  <testcase name="loginButton" time="19.955" classname="testNG.DataDriven"/>
  <system-out/>
</testsuite> <!-- testNG.DataDriven -->
