<?xml version="1.0" encoding="UTF-8"?>
<!-- Generated by org.testng.reporters.JUnitReportReporter -->
<testsuite skipped="0" hostname="Sanjay" name="testNG.ParallelTesting" tests="3" failures="0" timestamp="2020-07-19T21:25:51 IST" time="119.306" errors="0">
  <testcase name="opengoogle" time="35.790" classname="testNG.ParallelTesting"/>
  <system-out/>
  <testcase name="openInstagram" time="43.138" classname="testNG.ParallelTesting"/>
  <system-out/>
  <testcase name="openFacebook" time="40.378" classname="testNG.ParallelTesting"/>
  <system-out/>
</testsuite> <!-- testNG.ParallelTesting -->
