<?xml version="1.0" encoding="UTF-8"?>
<!-- Generated by org.testng.reporters.JUnitReportReporter -->
<testsuite skipped="0" hostname="Sanjay" name="testNG.Parameterization" tests="1" failures="0" timestamp="2020-07-19T21:24:12 IST" time="0.020" errors="0">
  <testcase name="myName" time="0.020" classname="testNG.Parameterization"/>
  <system-out/>
</testsuite> <!-- testNG.Parameterization -->
