<?xml version="1.0" encoding="UTF-8"?>
<!-- Generated by org.testng.reporters.JUnitReportReporter -->
<testsuite skipped="0" hostname="Sanjay" name="testNG.SuiteExample" tests="3" failures="0" timestamp="2020-07-19T00:10:29 IST" time="14.776" errors="0">
  <testcase name="openFacebook" time="3.650" classname="testNG.SuiteExample"/>
  <system-out/>
  <testcase name="openInstagram" time="6.828" classname="testNG.SuiteExample"/>
  <system-out/>
  <testcase name="openGoogle" time="4.298" classname="testNG.SuiteExample"/>
  <system-out/>
</testsuite> <!-- testNG.SuiteExample -->
