<?xml version="1.0" encoding="UTF-8"?>
<!-- Generated by org.testng.reporters.JUnitReportReporter -->
<testsuite skipped="0" hostname="Sanjay" name="testNG.SetPriority" tests="5" failures="0" timestamp="2020-07-19T19:59:52 IST" time="0.008" errors="0">
  <testcase name="startEngine" time="0.002" classname="testNG.SetPriority"/>
  <system-out/>
  <testcase name="putFirstGear" time="0.002" classname="testNG.SetPriority"/>
  <system-out/>
  <testcase name="putSecondGear" time="0.002" classname="testNG.SetPriority"/>
  <system-out/>
  <testcase name="putNeutral" time="0.001" classname="testNG.SetPriority"/>
  <system-out/>
  <testcase name="turnOffEngine" time="0.001" classname="testNG.SetPriority"/>
  <system-out/>
</testsuite> <!-- testNG.SetPriority -->
