<?xml version="1.0" encoding="UTF-8"?>
<!-- Generated by org.testng.reporters.JUnitReportReporter -->
<testsuite skipped="0" hostname="Sanjay" name="testNG.GroupingExample" tests="4" failures="0" timestamp="2020-07-19T20:34:36 IST" time="0.031" errors="0">
  <testcase name="appleIphone" time="0.003" classname="testNG.GroupingExample"/>
  <system-out/>
  <testcase name="samsungS20" time="0.004" classname="testNG.GroupingExample"/>
  <system-out/>
  <testcase name="appleIpad" time="0.020" classname="testNG.GroupingExample"/>
  <system-out/>
  <testcase name="samsungS10" time="0.004" classname="testNG.GroupingExample"/>
  <system-out/>
</testsuite> <!-- testNG.GroupingExample -->
