<?xml version="1.0" encoding="UTF-8"?>
<!-- Generated by org.testng.reporters.JUnitReportReporter -->
<testsuite skipped="0" hostname="Sanjay" name="testNG.AnnotationsOrder" tests="1" failures="0" timestamp="2020-07-19T23:20:40 IST" time="0.012" errors="0">
  <testcase name="test" time="0.012" classname="testNG.AnnotationsOrder"/>
  <system-out/>
</testsuite> <!-- testNG.AnnotationsOrder -->
